<?xml version="1.0" encoding="UTF-8"?>
<!-- Generated by org.testng.reporters.JUnitReportReporter -->
<testsuite hostname="DESKTOP-M3FP8SU" name="dummy.TestTwo" tests="1" failures="0" timestamp="30 Oct 2017 20:07:30 GMT" time="12.098" errors="0">
  <testcase name="getInterviewQuestions" time="12.098" classname="dummy.TestTwo"/>
</testsuite> <!-- dummy.TestTwo -->
