<?xml version="1.0" encoding="UTF-8"?>
<!-- Generated by org.testng.reporters.JUnitReportReporter -->
<testsuite skipped="0" hostname="DESKTOP-M3FP8SU" name="com.Collections.ListTestOne" tests="1" failures="0" timestamp="17 Jan 2022 19:34:37 GMT" time="0.012" errors="0">
  <testcase name="getArrayList" time="0.012" classname="com.Collections.ListTestOne"/>
</testsuite> <!-- com.Collections.ListTestOne -->
