<?xml version="1.0" encoding="UTF-8"?>
<!-- Generated by org.testng.reporters.JUnitReportReporter -->
<testsuite hostname="GACDTL02as7060" name="dummy.SwitchWindow" tests="1" failures="0" timestamp="1 Feb 2017 06:01:14 GMT" time="27.041" errors="0">
  <testcase name="testWindow" time="27.041" classname="dummy.SwitchWindow"/>
</testsuite> <!-- dummy.SwitchWindow -->
