<?xml version="1.0" encoding="UTF-8"?>
<!-- Generated by org.testng.reporters.JUnitReportReporter -->
<testsuite hostname="GACDTL02as7060" name="dummy.TestOne" tests="1" failures="0" timestamp="1 Nov 2016 15:13:30 GMT" time="12.597" errors="0">
  <testcase name="testMethod" time="12.597" classname="dummy.TestOne"/>
</testsuite> <!-- dummy.TestOne -->
